2024-04-18T11:02:42.485+07:00  INFO 11348 --- [XNIO-1 I/O-4] lavalink.server.io.SocketServer          : Connection closed from /[0:0:0:0:0:0:0:1]:54159 with status CloseStatus[code=1006, reason=] -- Session can be resumed within the next 60000 seconds with id 0qyfn8bahb7pv4b8
2024-04-18T11:38:44.486+07:00  INFO 5688 --- [main] lavalink.server.Launcher                 : Starting Launcher vc1ff05db1045c793764ebdff6e6c8e9bf2d6aaec-SNAPSHOT using Java 17.0.10 with PID 5688 (C:\Users\nup\Documents\ChinoKafu\LavaLink\Lavalink.jar started by nup in C:\Users\nup\Documents\ChinoKafu\LavaLink)
2024-04-18T11:38:44.488+07:00  INFO 5688 --- [main] lavalink.server.Launcher                 : No active profile set, falling back to 1 default profile: "default"
2024-04-18T11:38:47.488+07:00  INFO 5688 --- [main] lavalink.server.Launcher                 : Started Launcher in 4.483 seconds (process running for 5.836)
2024-04-18T11:38:47.659+07:00  INFO 5688 --- [main] lavalink.server.Launcher                 : 

[32m       .  [31m _                  _ _       _    [32m__ _ _
[32m      /\\ [31m| | __ ___   ____ _| (_)_ __ | | __[32m\ \ \ \
[32m     ( ( )[31m| |/ _` \ \ / / _` | | | '_ \| |/ /[32m \ \ \ \
[32m      \\/ [31m| | (_| |\ V / (_| | | | | | |   < [32m  ) ) ) )
[32m       '  [31m|_|\__,_| \_/ \__,_|_|_|_| |_|_|\_\[32m / / / /
[0m    =========================================[32m/_/_/_/[0m

	Version:        c1ff05db1045c793764ebdff6e6c8e9bf2d6aaec-SNAPSHOT
	Build time:     30.03.2024 12:24:59 UTC
	Branch          dev
	Commit:         c1ff05d
	Commit time:    25.03.2024 13:13:06 UTC
	JVM:            17.0.10
	Lavaplayer      afec211f05c9dcf0b6ee44276a02f0316ea2458a-SNAPSHOT

2024-04-18T11:38:47.675+07:00  INFO 5688 --- [main] lavalink.server.Launcher                 : No active profile set, falling back to 1 default profile: "default"
2024-04-18T11:38:49.456+07:00  WARN 5688 --- [main] io.undertow.websockets.jsr               : UT026010: Buffer pool was not set on WebSocketDeploymentInfo, the default pool will be used
2024-04-18T11:38:49.534+07:00  INFO 5688 --- [main] io.undertow.servlet                      : Initializing Spring embedded WebApplicationContext
2024-04-18T11:38:49.534+07:00  INFO 5688 --- [main] w.s.c.ServletWebServerApplicationContext : Root WebApplicationContext: initialization completed in 1843 ms
2024-04-18T11:38:49.847+07:00  WARN 5688 --- [main] l.server.config.SentryConfiguration      : Turning off sentry
2024-04-18T11:38:50.081+07:00  INFO 5688 --- [main] c.s.d.l.tools.GarbageCollectionMonitor   : GC monitoring enabled, reporting results every 2 minutes.
2024-04-18T11:38:51.753+07:00  INFO 5688 --- [main] l.server.config.KoeConfiguration         : OS: WINDOWS, Arch: X86_64
2024-04-18T11:38:51.753+07:00  INFO 5688 --- [main] l.server.config.KoeConfiguration         : Enabling JDA-NAS
2024-04-18T11:38:51.785+07:00  INFO 5688 --- [main] c.s.l.c.natives.NativeLibraryLoader      : Native library udpqueue: loading with filter null
2024-04-18T11:38:51.816+07:00  INFO 5688 --- [main] c.s.l.c.natives.NativeLibraryLoader      : Native library udpqueue: successfully loaded.
2024-04-18T11:38:52.863+07:00  INFO 5688 --- [main] io.undertow                              : starting server: Undertow - 2.3.6.Final
2024-04-18T11:38:52.878+07:00  INFO 5688 --- [main] org.xnio                                 : XNIO version 3.8.8.Final
2024-04-18T11:38:52.909+07:00  INFO 5688 --- [main] org.xnio.nio                             : XNIO NIO Implementation Version 3.8.8.Final
2024-04-18T11:38:53.160+07:00  INFO 5688 --- [main] org.jboss.threads                        : JBoss Threads version 3.5.0.Final
2024-04-18T11:38:53.269+07:00  INFO 5688 --- [main] o.s.b.w.e.undertow.UndertowWebServer     : Undertow started on port(s) 2333 (http)
2024-04-18T11:38:53.269+07:00  INFO 5688 --- [main] lavalink.server.Launcher                 : Started Launcher in 5.754 seconds (process running for 11.618)
2024-04-18T11:38:53.285+07:00  INFO 5688 --- [main] lavalink.server.Launcher                 : Lavalink is ready to accept connections.
2024-04-18T11:38:59.269+07:00  INFO 5688 --- [XNIO-1 task-2] io.undertow.servlet                      : Initializing Spring DispatcherServlet 'dispatcherServlet'
2024-04-18T11:38:59.269+07:00  INFO 5688 --- [XNIO-1 task-2] o.s.web.servlet.DispatcherServlet        : Initializing Servlet 'dispatcherServlet'
2024-04-18T11:38:59.285+07:00  INFO 5688 --- [XNIO-1 task-2] o.s.web.servlet.DispatcherServlet        : Completed initialization in 0 ms
2024-04-18T11:38:59.379+07:00  INFO 5688 --- [XNIO-1 task-2] l.server.io.HandshakeInterceptorImpl     : Incoming connection from /[0:0:0:0:0:0:0:1]:64024
2024-04-18T11:38:59.425+07:00  INFO 5688 --- [XNIO-1 task-2] l.server.io.RequestLoggingFilter         : GET /v4/websocket, client=0:0:0:0:0:0:0:1
2024-04-18T11:38:59.628+07:00  INFO 5688 --- [XNIO-1 task-2] lavalink.server.io.SocketServer          : Connection successfully established from Lavalink4NET/4.0.18.0
2024-04-18T11:39:00.394+07:00  INFO 5688 --- [XNIO-1 task-2] l.server.io.RequestLoggingFilter         : PATCH /v4/sessions/vpk7j5f4ujoae973, client=0:0:0:0:0:0:0:1, payload={"resuming":true,"timeout":60000}
2024-04-18T12:45:42.657+07:00  INFO 5688 --- [XNIO-1 I/O-2] lavalink.server.io.SocketServer          : Connection closed from /[0:0:0:0:0:0:0:1]:64024 with status CloseStatus[code=1006, reason=] -- Session can be resumed within the next 60000 seconds with id vpk7j5f4ujoae973
2024-04-18T12:48:33.253+07:00  INFO 5688 --- [XNIO-1 task-2] l.server.io.HandshakeInterceptorImpl     : Incoming connection from /[0:0:0:0:0:0:0:1]:64531
2024-04-18T12:48:33.269+07:00  INFO 5688 --- [XNIO-1 task-2] l.server.io.RequestLoggingFilter         : GET /v4/websocket, client=0:0:0:0:0:0:0:1
2024-04-18T12:48:33.278+07:00  INFO 5688 --- [XNIO-1 task-2] lavalink.server.io.SocketServer          : Connection successfully established from Lavalink4NET/4.0.18.0
2024-04-18T12:48:33.597+07:00  INFO 5688 --- [XNIO-1 task-2] l.server.io.RequestLoggingFilter         : PATCH /v4/sessions/ww2zptiak4k548km, client=0:0:0:0:0:0:0:1, payload={"resuming":true,"timeout":60000}
2024-04-18T14:34:41.439+07:00  INFO 5688 --- [XNIO-1 I/O-2] lavalink.server.io.SocketServer          : Connection closed from /[0:0:0:0:0:0:0:1]:64531 with status CloseStatus[code=1006, reason=] -- Session can be resumed within the next 60000 seconds with id ww2zptiak4k548km
2024-04-18T14:40:02.800+07:00  INFO 5688 --- [XNIO-1 task-2] l.server.io.HandshakeInterceptorImpl     : Incoming connection from /[0:0:0:0:0:0:0:1]:64949
2024-04-18T14:40:02.800+07:00  INFO 5688 --- [XNIO-1 task-2] l.server.io.RequestLoggingFilter         : GET /v4/websocket, client=0:0:0:0:0:0:0:1
2024-04-18T14:40:02.809+07:00  INFO 5688 --- [XNIO-1 task-2] lavalink.server.io.SocketServer          : Connection successfully established from Lavalink4NET/4.0.18.0
2024-04-18T14:40:03.675+07:00  INFO 5688 --- [XNIO-1 task-2] l.server.io.RequestLoggingFilter         : PATCH /v4/sessions/igcdkw8oe3ko2uu3, client=0:0:0:0:0:0:0:1, payload={"resuming":true,"timeout":60000}
2024-04-18T15:35:24.498+07:00  INFO 5688 --- [XNIO-1 task-2] l.server.io.RequestLoggingFilter         : PATCH /v4/sessions/igcdkw8oe3ko2uu3/players/1140906898254725181, client=0:0:0:0:0:0:0:1, payload={"voice":{"token":"17610fec632ad849","endpoint":"hongkong7782.discord.media:443","sessionId":"b000fb7e34d142dff925cca2e8aaace9"}}
2024-04-18T15:35:24.551+07:00  INFO 5688 --- [XNIO-1 task-2] l.server.io.RequestLoggingFilter         : PATCH /v4/sessions/igcdkw8oe3ko2uu3/players/1140906898254725181, client=0:0:0:0:0:0:0:1, payload={"voice":{"token":"17610fec632ad849","endpoint":"hongkong7782.discord.media:443","sessionId":"b000fb7e34d142dff925cca2e8aaace9"}}
2024-04-18T15:35:24.583+07:00  INFO 5688 --- [XNIO-1 task-2] l.server.io.RequestLoggingFilter         : PATCH /v4/sessions/igcdkw8oe3ko2uu3/players/1140906898254725181, client=0:0:0:0:0:0:0:1, payload={"voice":{"token":"17610fec632ad849","endpoint":"hongkong7782.discord.media:443","sessionId":"b000fb7e34d142dff925cca2e8aaace9"}}
2024-04-18T15:35:24.704+07:00  INFO 5688 --- [XNIO-1 task-2] l.server.player.AudioLoaderRestHandler   : Got request to load for identifier "ytsearch:blue archive ost 1"
2024-04-18T15:35:25.255+07:00  INFO 5688 --- [XNIO-1 task-2] lavalink.server.player.AudioLoader       : Loaded playlist Search results for: blue archive ost 1
2024-04-18T15:35:25.286+07:00  INFO 5688 --- [XNIO-1 task-2] l.server.io.RequestLoggingFilter         : GET /v4/loadtracks?identifier=ytsearch%3ablue+archive+ost+1, client=0:0:0:0:0:0:0:1
2024-04-18T15:35:25.424+07:00  INFO 5688 --- [XNIO-1 task-2] l.server.io.RequestLoggingFilter         : PATCH /v4/sessions/igcdkw8oe3ko2uu3/players/1140906898254725181, client=0:0:0:0:0:0:0:1, payload={"encodedTrack":"QAAA0wMAPuODluODq\u002BODvOOCouODvOOCq\u002BOCpOODliBCbHVlIEFyY2hpdmUgT1NUIDEuIENvbnN0YW50IE1vZGVyYXRvAANNTzIAAAAAAAIbEAALU0hrRjQ4U2dpU0EAAQAraHR0cHM6Ly93d3cueW91dHViZS5jb20vd2F0Y2g/dj1TSGtGNDhTZ2lTQQEANGh0dHBzOi8vaS55dGltZy5jb20vdmkvU0hrRjQ4U2dpU0EvbWF4cmVzZGVmYXVsdC5qcGcAAAd5b3V0dWJlAAAAAAAAAAA="}
2024-04-18T15:35:25.427+07:00  WARN 5688 --- [lava-daemon-pool-playback-1-thread-1] c.s.d.l.s.y.YoutubeAccessTokenTracker    : YouTube auth tokens can't be retrieved because email and password is not set in YoutubeAudioSourceManager, age restricted videos will throw exceptions.
2024-04-18T15:37:43.629+07:00  INFO 5688 --- [XNIO-1 task-2] l.server.io.RequestLoggingFilter         : PATCH /v4/sessions/igcdkw8oe3ko2uu3/players/1140906898254725181, client=0:0:0:0:0:0:0:1, payload={"encodedTrack":null}
2024-04-18T15:37:56.271+07:00  INFO 5688 --- [XNIO-1 task-2] l.server.io.RequestLoggingFilter         : DELETE /v4/sessions/igcdkw8oe3ko2uu3/players/1140906898254725181, client=0:0:0:0:0:0:0:1
2024-04-18T15:38:53.894+07:00  INFO 5688 --- [XNIO-1 I/O-3] lavalink.server.io.SocketServer          : Connection closed from /[0:0:0:0:0:0:0:1]:64949 with status CloseStatus[code=1006, reason=] -- Session can be resumed within the next 60000 seconds with id igcdkw8oe3ko2uu3
2024-04-18T15:40:26.203+07:00  INFO 5688 --- [XNIO-1 task-2] l.server.io.HandshakeInterceptorImpl     : Incoming connection from /[0:0:0:0:0:0:0:1]:65150
2024-04-18T15:40:26.208+07:00  INFO 5688 --- [XNIO-1 task-2] l.server.io.RequestLoggingFilter         : GET /v4/websocket, client=0:0:0:0:0:0:0:1
2024-04-18T15:40:26.229+07:00  INFO 5688 --- [XNIO-1 task-2] lavalink.server.io.SocketServer          : Connection successfully established from Lavalink4NET/4.0.18.0
2024-04-18T15:40:26.817+07:00  INFO 5688 --- [XNIO-1 task-2] l.server.io.RequestLoggingFilter         : PATCH /v4/sessions/kckv9ko2v8h62hkj, client=0:0:0:0:0:0:0:1, payload={"resuming":true,"timeout":60000}
2024-04-18T15:41:10.487+07:00  INFO 5688 --- [XNIO-1 I/O-3] lavalink.server.io.SocketServer          : Connection closed from /[0:0:0:0:0:0:0:1]:65150 with status CloseStatus[code=1006, reason=] -- Session can be resumed within the next 60000 seconds with id kckv9ko2v8h62hkj
2024-04-18T15:44:17.026+07:00  INFO 5688 --- [XNIO-1 task-2] l.server.io.HandshakeInterceptorImpl     : Incoming connection from /[0:0:0:0:0:0:0:1]:65161
2024-04-18T15:44:17.031+07:00  INFO 5688 --- [XNIO-1 task-2] l.server.io.RequestLoggingFilter         : GET /v4/websocket, client=0:0:0:0:0:0:0:1
2024-04-18T15:44:17.060+07:00  INFO 5688 --- [XNIO-1 task-2] lavalink.server.io.SocketServer          : Connection successfully established from Lavalink4NET/4.0.18.0
2024-04-18T15:44:17.661+07:00  INFO 5688 --- [XNIO-1 task-2] l.server.io.RequestLoggingFilter         : PATCH /v4/sessions/0zq1nntagmlgr2ik, client=0:0:0:0:0:0:0:1, payload={"resuming":true,"timeout":60000}
2024-04-18T15:44:48.149+07:00  INFO 5688 --- [XNIO-1 I/O-2] lavalink.server.io.SocketServer          : Connection closed from /[0:0:0:0:0:0:0:1]:65161 with status CloseStatus[code=1006, reason=] -- Session can be resumed within the next 60000 seconds with id 0zq1nntagmlgr2ik
2024-04-18T15:46:58.336+07:00  INFO 5688 --- [XNIO-1 task-2] l.server.io.HandshakeInterceptorImpl     : Incoming connection from /[0:0:0:0:0:0:0:1]:65177
2024-04-18T15:46:58.340+07:00  INFO 5688 --- [XNIO-1 task-2] l.server.io.RequestLoggingFilter         : GET /v4/websocket, client=0:0:0:0:0:0:0:1
2024-04-18T15:46:58.344+07:00  INFO 5688 --- [XNIO-1 task-2] lavalink.server.io.SocketServer          : Connection successfully established from Lavalink4NET/4.0.18.0
2024-04-18T15:46:58.847+07:00  INFO 5688 --- [XNIO-1 task-2] l.server.io.RequestLoggingFilter         : PATCH /v4/sessions/ovklrw9y2e2nqslm, client=0:0:0:0:0:0:0:1, payload={"resuming":true,"timeout":60000}
2024-04-18T15:48:27.613+07:00  INFO 5688 --- [XNIO-1 I/O-4] lavalink.server.io.SocketServer          : Connection closed from /[0:0:0:0:0:0:0:1]:65177 with status CloseStatus[code=1006, reason=] -- Session can be resumed within the next 60000 seconds with id ovklrw9y2e2nqslm
2024-04-18T16:23:01.222+07:00  INFO 5688 --- [XNIO-1 task-2] l.server.io.HandshakeInterceptorImpl     : Incoming connection from /[0:0:0:0:0:0:0:1]:65275
2024-04-18T16:23:01.222+07:00  INFO 5688 --- [XNIO-1 task-2] l.server.io.RequestLoggingFilter         : GET /v4/websocket, client=0:0:0:0:0:0:0:1
2024-04-18T16:23:01.241+07:00  INFO 5688 --- [XNIO-1 task-2] lavalink.server.io.SocketServer          : Connection successfully established from Lavalink4NET/4.0.18.0
2024-04-18T16:23:01.915+07:00  INFO 5688 --- [XNIO-1 task-2] l.server.io.RequestLoggingFilter         : PATCH /v4/sessions/0661whcw39n7fi2c, client=0:0:0:0:0:0:0:1, payload={"resuming":true,"timeout":60000}
2024-04-18T16:23:46.800+07:00  INFO 5688 --- [XNIO-1 I/O-1] lavalink.server.io.SocketServer          : Connection closed from /[0:0:0:0:0:0:0:1]:65275 with status CloseStatus[code=1006, reason=] -- Session can be resumed within the next 60000 seconds with id 0661whcw39n7fi2c
2024-04-18T16:24:58.977+07:00  INFO 5688 --- [XNIO-1 task-2] l.server.io.HandshakeInterceptorImpl     : Incoming connection from /[0:0:0:0:0:0:0:1]:65284
2024-04-18T16:24:58.982+07:00  INFO 5688 --- [XNIO-1 task-2] l.server.io.RequestLoggingFilter         : GET /v4/websocket, client=0:0:0:0:0:0:0:1
2024-04-18T16:24:58.988+07:00  INFO 5688 --- [XNIO-1 task-2] lavalink.server.io.SocketServer          : Connection successfully established from Lavalink4NET/4.0.18.0
2024-04-18T16:24:59.455+07:00  INFO 5688 --- [XNIO-1 task-2] l.server.io.RequestLoggingFilter         : PATCH /v4/sessions/fib0vzh2wo8hfmfs, client=0:0:0:0:0:0:0:1, payload={"resuming":true,"timeout":60000}
2024-04-18T16:26:02.395+07:00  INFO 5688 --- [XNIO-1 I/O-1] lavalink.server.io.SocketServer          : Connection closed from /[0:0:0:0:0:0:0:1]:65284 with status CloseStatus[code=1006, reason=] -- Session can be resumed within the next 60000 seconds with id fib0vzh2wo8hfmfs
2024-04-18T16:26:16.124+07:00  INFO 5688 --- [XNIO-1 task-2] l.server.io.HandshakeInterceptorImpl     : Incoming connection from /[0:0:0:0:0:0:0:1]:65294
2024-04-18T16:26:16.128+07:00  INFO 5688 --- [XNIO-1 task-2] l.server.io.RequestLoggingFilter         : GET /v4/websocket, client=0:0:0:0:0:0:0:1
2024-04-18T16:26:16.133+07:00  INFO 5688 --- [XNIO-1 task-2] lavalink.server.io.SocketServer          : Connection successfully established from Lavalink4NET/4.0.18.0
2024-04-18T16:26:16.586+07:00  INFO 5688 --- [XNIO-1 task-2] l.server.io.RequestLoggingFilter         : PATCH /v4/sessions/blrf4u0t84xzip7h, client=0:0:0:0:0:0:0:1, payload={"resuming":true,"timeout":60000}
2024-04-18T16:27:14.473+07:00  INFO 5688 --- [XNIO-1 I/O-2] lavalink.server.io.SocketServer          : Connection closed from /[0:0:0:0:0:0:0:1]:65294 with status CloseStatus[code=1006, reason=] -- Session can be resumed within the next 60000 seconds with id blrf4u0t84xzip7h
2024-04-18T16:51:20.896+07:00  INFO 27064 --- [main] lavalink.server.Launcher                 : Starting Launcher vc1ff05db1045c793764ebdff6e6c8e9bf2d6aaec-SNAPSHOT using Java 17.0.10 with PID 27064 (G:\Programming\Discord\ChinoKafu\LavaLink\Lavalink.jar started by nup in G:\Programming\Discord\ChinoKafu\LavaLink)
2024-04-18T16:51:20.901+07:00  INFO 27064 --- [main] lavalink.server.Launcher                 : No active profile set, falling back to 1 default profile: "default"
2024-04-18T16:51:22.627+07:00  INFO 27064 --- [main] lavalink.server.Launcher                 : Started Launcher in 2.623 seconds (process running for 3.454)
2024-04-18T16:51:22.703+07:00  INFO 27064 --- [main] lavalink.server.Launcher                 : 

[32m       .  [31m _                  _ _       _    [32m__ _ _
[32m      /\\ [31m| | __ ___   ____ _| (_)_ __ | | __[32m\ \ \ \
[32m     ( ( )[31m| |/ _` \ \ / / _` | | | '_ \| |/ /[32m \ \ \ \
[32m      \\/ [31m| | (_| |\ V / (_| | | | | | |   < [32m  ) ) ) )
[32m       '  [31m|_|\__,_| \_/ \__,_|_|_|_| |_|_|\_\[32m / / / /
[0m    =========================================[32m/_/_/_/[0m

	Version:        c1ff05db1045c793764ebdff6e6c8e9bf2d6aaec-SNAPSHOT
	Build time:     30.03.2024 12:24:59 UTC
	Branch          dev
	Commit:         c1ff05d
	Commit time:    25.03.2024 13:13:06 UTC
	JVM:            17.0.10
	Lavaplayer      afec211f05c9dcf0b6ee44276a02f0316ea2458a-SNAPSHOT

2024-04-18T16:51:22.718+07:00  INFO 27064 --- [main] lavalink.server.Launcher                 : No active profile set, falling back to 1 default profile: "default"
2024-04-18T16:51:23.842+07:00  WARN 27064 --- [main] io.undertow.websockets.jsr               : UT026010: Buffer pool was not set on WebSocketDeploymentInfo, the default pool will be used
2024-04-18T16:51:23.887+07:00  INFO 27064 --- [main] io.undertow.servlet                      : Initializing Spring embedded WebApplicationContext
2024-04-18T16:51:23.888+07:00  INFO 27064 --- [main] w.s.c.ServletWebServerApplicationContext : Root WebApplicationContext: initialization completed in 1164 ms
2024-04-18T16:51:24.060+07:00  WARN 27064 --- [main] l.server.config.SentryConfiguration      : Turning off sentry
2024-04-18T16:51:24.239+07:00  INFO 27064 --- [main] c.s.d.l.tools.GarbageCollectionMonitor   : GC monitoring enabled, reporting results every 2 minutes.
2024-04-18T16:51:25.474+07:00  INFO 27064 --- [main] l.server.config.KoeConfiguration         : OS: WINDOWS, Arch: X86_64
2024-04-18T16:51:25.474+07:00  INFO 27064 --- [main] l.server.config.KoeConfiguration         : Enabling JDA-NAS
2024-04-18T16:51:25.481+07:00  INFO 27064 --- [main] c.s.l.c.natives.NativeLibraryLoader      : Native library udpqueue: loading with filter null
2024-04-18T16:51:25.490+07:00  INFO 27064 --- [main] c.s.l.c.natives.NativeLibraryLoader      : Native library udpqueue: successfully loaded.
2024-04-18T16:51:26.051+07:00  INFO 27064 --- [main] io.undertow                              : starting server: Undertow - 2.3.6.Final
2024-04-18T16:51:26.079+07:00  INFO 27064 --- [main] org.xnio                                 : XNIO version 3.8.8.Final
2024-04-18T16:51:26.112+07:00  INFO 27064 --- [main] org.xnio.nio                             : XNIO NIO Implementation Version 3.8.8.Final
2024-04-18T16:51:26.290+07:00  INFO 27064 --- [main] org.jboss.threads                        : JBoss Threads version 3.5.0.Final
2024-04-18T16:51:26.388+07:00  INFO 27064 --- [main] o.s.b.w.e.undertow.UndertowWebServer     : Undertow started on port(s) 2333 (http)
2024-04-18T16:51:26.398+07:00  INFO 27064 --- [main] lavalink.server.Launcher                 : Started Launcher in 3.762 seconds (process running for 7.226)
2024-04-18T16:51:26.401+07:00  INFO 27064 --- [main] lavalink.server.Launcher                 : Lavalink is ready to accept connections.
2024-04-18T16:52:01.362+07:00  INFO 27064 --- [XNIO-1 task-2] io.undertow.servlet                      : Initializing Spring DispatcherServlet 'dispatcherServlet'
2024-04-18T16:52:01.362+07:00  INFO 27064 --- [XNIO-1 task-2] o.s.web.servlet.DispatcherServlet        : Initializing Servlet 'dispatcherServlet'
2024-04-18T16:52:01.365+07:00  INFO 27064 --- [XNIO-1 task-2] o.s.web.servlet.DispatcherServlet        : Completed initialization in 2 ms
2024-04-18T16:52:01.398+07:00  INFO 27064 --- [XNIO-1 task-2] l.server.io.HandshakeInterceptorImpl     : Incoming connection from /[0:0:0:0:0:0:0:1]:57025
2024-04-18T16:52:01.422+07:00  INFO 27064 --- [XNIO-1 task-2] l.server.io.RequestLoggingFilter         : GET /v4/websocket, client=0:0:0:0:0:0:0:1
2024-04-18T16:52:01.500+07:00  INFO 27064 --- [XNIO-1 task-2] lavalink.server.io.SocketServer          : Connection successfully established from Lavalink4NET/4.0.18.0
2024-04-18T16:52:01.808+07:00  WARN 27064 --- [pool-3-thread-1] o.d.windows.perfmon.PerfmonDisabled      : Invalid registry value type detected for PerfOS counters. Should be REG_DWORD. Ignoring: HKEY_LOCAL_MACHINE\SYSTEM\CurrentControlSet\Services\PerfOS\Performance\Disable Performance Counters.
2024-04-18T16:52:02.057+07:00  INFO 27064 --- [XNIO-1 task-2] l.server.io.RequestLoggingFilter         : PATCH /v4/sessions/fulxhrim7wb7yi55, client=0:0:0:0:0:0:0:1, payload={"resuming":true,"timeout":60000}
2024-04-18T16:52:35.295+07:00  INFO 27064 --- [XNIO-1 task-2] l.server.io.RequestLoggingFilter         : PATCH /v4/sessions/fulxhrim7wb7yi55/players/1140906898254725181, client=0:0:0:0:0:0:0:1, payload={"voice":{"token":"9e1ef172a070ee94","endpoint":"hongkong11045.discord.media:443","sessionId":"59ef2fb59c9fe25cbb999dcf123c1d1a"}}
2024-04-18T16:52:35.323+07:00  INFO 27064 --- [XNIO-1 task-2] l.server.io.RequestLoggingFilter         : PATCH /v4/sessions/fulxhrim7wb7yi55/players/1140906898254725181, client=0:0:0:0:0:0:0:1, payload={"voice":{"token":"9e1ef172a070ee94","endpoint":"hongkong11045.discord.media:443","sessionId":"59ef2fb59c9fe25cbb999dcf123c1d1a"}}
2024-04-18T16:52:35.348+07:00  INFO 27064 --- [XNIO-1 task-2] l.server.io.RequestLoggingFilter         : PATCH /v4/sessions/fulxhrim7wb7yi55/players/1140906898254725181, client=0:0:0:0:0:0:0:1, payload={"voice":{"token":"9e1ef172a070ee94","endpoint":"hongkong11045.discord.media:443","sessionId":"59ef2fb59c9fe25cbb999dcf123c1d1a"}}
2024-04-18T16:52:35.414+07:00  INFO 27064 --- [XNIO-1 task-2] l.server.player.AudioLoaderRestHandler   : Got request to load for identifier "ytsearch:treasure music"
2024-04-18T16:52:36.217+07:00  INFO 27064 --- [XNIO-1 task-2] lavalink.server.player.AudioLoader       : Loaded playlist Search results for: treasure music
2024-04-18T16:52:36.251+07:00  INFO 27064 --- [XNIO-1 task-2] l.server.io.RequestLoggingFilter         : GET /v4/loadtracks?identifier=ytsearch%3atreasure+music, client=0:0:0:0:0:0:0:1
2024-04-18T16:52:36.319+07:00  INFO 27064 --- [XNIO-1 task-2] l.server.io.RequestLoggingFilter         : PATCH /v4/sessions/fulxhrim7wb7yi55/players/1140906898254725181, client=0:0:0:0:0:0:0:1, payload={"encodedTrack":"QAAAwAMAGlRSRUFTVVJFIC0g4oCYSEVMTE/igJkgTS9WABRUUkVBU1VSRSAo7Yq466CI7KCAKQAAAAAAAtaQAAthUGQ5ZXhtSDE3bwABACtodHRwczovL3d3dy55b3V0dWJlLmNvbS93YXRjaD92PWFQZDlleG1IMTdvAQA0aHR0cHM6Ly9pLnl0aW1nLmNvbS92aS9hUGQ5ZXhtSDE3by9tYXhyZXNkZWZhdWx0LmpwZwAAB3lvdXR1YmUAAAAAAAAAAA=="}
2024-04-18T16:52:36.319+07:00  WARN 27064 --- [lava-daemon-pool-playback-1-thread-1] c.s.d.l.s.y.YoutubeAccessTokenTracker    : YouTube auth tokens can't be retrieved because email and password is not set in YoutubeAudioSourceManager, age restricted videos will throw exceptions.
2024-04-18T16:52:42.974+07:00  INFO 27064 --- [XNIO-1 task-2] l.server.io.RequestLoggingFilter         : DELETE /v4/sessions/fulxhrim7wb7yi55/players/1140906898254725181, client=0:0:0:0:0:0:0:1
2024-04-18T16:52:55.861+07:00  INFO 27064 --- [XNIO-1 task-2] l.server.io.RequestLoggingFilter         : PATCH /v4/sessions/fulxhrim7wb7yi55/players/1140906898254725181, client=0:0:0:0:0:0:0:1, payload={"voice":{"token":"0d36c4738d61581b","endpoint":"hongkong11045.discord.media:443","sessionId":"59ef2fb59c9fe25cbb999dcf123c1d1a"}}
2024-04-18T16:52:55.868+07:00  INFO 27064 --- [XNIO-1 task-2] l.server.io.RequestLoggingFilter         : PATCH /v4/sessions/fulxhrim7wb7yi55/players/1140906898254725181, client=0:0:0:0:0:0:0:1, payload={"voice":{"token":"0d36c4738d61581b","endpoint":"hongkong11045.discord.media:443","sessionId":"59ef2fb59c9fe25cbb999dcf123c1d1a"}}
2024-04-18T16:52:55.874+07:00  INFO 27064 --- [XNIO-1 task-2] l.server.io.RequestLoggingFilter         : PATCH /v4/sessions/fulxhrim7wb7yi55/players/1140906898254725181, client=0:0:0:0:0:0:0:1, payload={"voice":{"token":"0d36c4738d61581b","endpoint":"hongkong11045.discord.media:443","sessionId":"59ef2fb59c9fe25cbb999dcf123c1d1a"}}
2024-04-18T16:52:55.878+07:00  INFO 27064 --- [XNIO-1 task-2] l.server.player.AudioLoaderRestHandler   : Got request to load for identifier "ytsearch:hony you're my golden star"
2024-04-18T16:52:56.370+07:00  INFO 27064 --- [XNIO-1 task-2] lavalink.server.player.AudioLoader       : Loaded playlist Search results for: hony you're my golden star
2024-04-18T16:52:56.378+07:00  INFO 27064 --- [XNIO-1 task-2] l.server.io.RequestLoggingFilter         : GET /v4/loadtracks?identifier=ytsearch%3ahony+you%27re+my+golden+star, client=0:0:0:0:0:0:0:1
2024-04-18T16:52:56.393+07:00  INFO 27064 --- [XNIO-1 task-2] l.server.io.RequestLoggingFilter         : PATCH /v4/sessions/fulxhrim7wb7yi55/players/1140906898254725181, client=0:0:0:0:0:0:0:1, payload={"encodedTrack":"QAAA3AMAP0Nvbm5pZSBUYWxib3QgLSBBdWRpdGlvbiBpbiBCcml0YWluJ3MgR290IFRhbGVudCAoaGlnaCBxdWFsaXR5KQAPQ29ubmllVGFsYm90RmFuAAAAAAADrWgAC1JCdFFYMG5RaDJFAAEAK2h0dHBzOi8vd3d3LnlvdXR1YmUuY29tL3dhdGNoP3Y9UkJ0UVgwblFoMkUBADBodHRwczovL2kueXRpbWcuY29tL3ZpL1JCdFFYMG5RaDJFL21xZGVmYXVsdC5qcGcAAAd5b3V0dWJlAAAAAAAAAAA="}
2024-04-18T16:53:16.804+07:00  INFO 27064 --- [XNIO-1 task-2] l.server.player.AudioLoaderRestHandler   : Got request to load for identifier "ytsearch:Bruno Mars - Treasure (Official Music Video)"
2024-04-18T16:53:17.380+07:00  INFO 27064 --- [XNIO-1 task-2] lavalink.server.player.AudioLoader       : Loaded playlist Search results for: Bruno Mars - Treasure (Official Music Video)
2024-04-18T16:53:17.392+07:00  INFO 27064 --- [XNIO-1 task-2] l.server.io.RequestLoggingFilter         : GET /v4/loadtracks?identifier=ytsearch%3aBruno+Mars+-+Treasure+(Official+Music+Video), client=0:0:0:0:0:0:0:1
2024-04-18T16:53:19.779+07:00  INFO 27064 --- [XNIO-1 task-2] l.server.io.RequestLoggingFilter         : PATCH /v4/sessions/fulxhrim7wb7yi55/players/1140906898254725181, client=0:0:0:0:0:0:0:1, payload={"encodedTrack":"QAAAyAMALEJydW5vIE1hcnMgLSBUcmVhc3VyZSAoT2ZmaWNpYWwgTXVzaWMgVmlkZW8pAApCcnVubyBNYXJzAAAAAAAC7gAAC25QdnVOc1JjY1Z3AAEAK2h0dHBzOi8vd3d3LnlvdXR1YmUuY29tL3dhdGNoP3Y9blB2dU5zUmNjVncBADRodHRwczovL2kueXRpbWcuY29tL3ZpL25QdnVOc1JjY1Z3L21heHJlc2RlZmF1bHQuanBnAAAHeW91dHViZQAAAAAAAAAA"}
2024-04-18T16:56:15.413+07:00  INFO 27064 --- [XNIO-1 task-2] l.server.io.RequestLoggingFilter         : DELETE /v4/sessions/fulxhrim7wb7yi55/players/1140906898254725181, client=0:0:0:0:0:0:0:1
2024-04-18T16:56:20.733+07:00  INFO 27064 --- [XNIO-1 I/O-6] lavalink.server.io.SocketServer          : Connection closed from /[0:0:0:0:0:0:0:1]:57025 with status CloseStatus[code=1006, reason=] -- Session can be resumed within the next 60000 seconds with id fulxhrim7wb7yi55
2024-04-18T16:56:33.364+07:00  INFO 27064 --- [XNIO-1 task-2] l.server.io.HandshakeInterceptorImpl     : Incoming connection from /[0:0:0:0:0:0:0:1]:57561
2024-04-18T16:56:33.368+07:00  INFO 27064 --- [XNIO-1 task-2] l.server.io.RequestLoggingFilter         : GET /v4/websocket, client=0:0:0:0:0:0:0:1
2024-04-18T16:56:33.372+07:00  INFO 27064 --- [XNIO-1 task-2] lavalink.server.io.SocketServer          : Connection successfully established from Lavalink4NET/4.0.18.0
2024-04-18T16:56:33.823+07:00  INFO 27064 --- [XNIO-1 task-2] l.server.io.RequestLoggingFilter         : PATCH /v4/sessions/jqts9ulexwh29mzx, client=0:0:0:0:0:0:0:1, payload={"resuming":true,"timeout":60000}
2024-04-18T17:03:12.203+07:00  INFO 27064 --- [XNIO-1 task-2] l.server.io.RequestLoggingFilter         : PATCH /v4/sessions/jqts9ulexwh29mzx/players/686974441716187136, client=0:0:0:0:0:0:0:1, payload={"voice":{"token":"c98d75162ddb6692","endpoint":"hongkong9026.discord.media:443","sessionId":"106640408112cf52186df34a4d55d19a"}}
2024-04-18T17:03:12.250+07:00  INFO 27064 --- [XNIO-1 task-2] l.server.io.RequestLoggingFilter         : PATCH /v4/sessions/jqts9ulexwh29mzx/players/686974441716187136, client=0:0:0:0:0:0:0:1, payload={"voice":{"token":"c98d75162ddb6692","endpoint":"hongkong9026.discord.media:443","sessionId":"106640408112cf52186df34a4d55d19a"}}
2024-04-18T17:03:12.280+07:00  INFO 27064 --- [XNIO-1 task-2] l.server.io.RequestLoggingFilter         : PATCH /v4/sessions/jqts9ulexwh29mzx/players/686974441716187136, client=0:0:0:0:0:0:0:1, payload={"voice":{"token":"c98d75162ddb6692","endpoint":"hongkong9026.discord.media:443","sessionId":"106640408112cf52186df34a4d55d19a"}}
2024-04-18T17:03:12.316+07:00  INFO 27064 --- [XNIO-1 task-2] l.server.player.AudioLoaderRestHandler   : Got request to load for identifier "https://www.youtube.com/watch?v=SHkF48SgiSA"
2024-04-18T17:03:12.548+07:00  INFO 27064 --- [XNIO-1 task-2] lavalink.server.player.AudioLoader       : Loaded track ???????? Blue Archive OST 1. Constant Moderato
2024-04-18T17:03:12.555+07:00  INFO 27064 --- [XNIO-1 task-2] l.server.io.RequestLoggingFilter         : GET /v4/loadtracks?identifier=https%3a%2f%2fwww.youtube.com%2fwatch%3fv%3dSHkF48SgiSA, client=0:0:0:0:0:0:0:1
2024-04-18T17:03:12.628+07:00  INFO 27064 --- [XNIO-1 task-2] l.server.io.RequestLoggingFilter         : PATCH /v4/sessions/jqts9ulexwh29mzx/players/686974441716187136, client=0:0:0:0:0:0:0:1, payload={"encodedTrack":"QAAA0wMAPuODluODq\u002BODvOOCouODvOOCq\u002BOCpOODliBCbHVlIEFyY2hpdmUgT1NUIDEuIENvbnN0YW50IE1vZGVyYXRvAANNTzIAAAAAAAIbEAALU0hrRjQ4U2dpU0EAAQAraHR0cHM6Ly93d3cueW91dHViZS5jb20vd2F0Y2g/dj1TSGtGNDhTZ2lTQQEANGh0dHBzOi8vaS55dGltZy5jb20vdmkvU0hrRjQ4U2dpU0EvbWF4cmVzZGVmYXVsdC5qcGcAAAd5b3V0dWJlAAAAAAAAAAA="}
2024-04-18T17:05:30.769+07:00  INFO 27064 --- [XNIO-1 task-2] l.server.io.RequestLoggingFilter         : PATCH /v4/sessions/jqts9ulexwh29mzx/players/686974441716187136, client=0:0:0:0:0:0:0:1, payload={"encodedTrack":null}
2024-04-18T17:05:39.301+07:00  INFO 27064 --- [XNIO-1 task-2] l.server.player.AudioLoaderRestHandler   : Got request to load for identifier "https://www.youtube.com/watch?v=DzhcJxrS5Z8"
2024-04-18T17:05:39.409+07:00  INFO 27064 --- [XNIO-1 task-2] lavalink.server.player.AudioLoader       : Loaded track ???????? Blue Archive OST 11. Connected Sky
2024-04-18T17:05:39.411+07:00  INFO 27064 --- [XNIO-1 task-2] l.server.io.RequestLoggingFilter         : GET /v4/loadtracks?identifier=https%3a%2f%2fwww.youtube.com%2fwatch%3fv%3dDzhcJxrS5Z8, client=0:0:0:0:0:0:0:1
2024-04-18T17:05:39.426+07:00  INFO 27064 --- [XNIO-1 task-2] l.server.io.RequestLoggingFilter         : PATCH /v4/sessions/jqts9ulexwh29mzx/players/686974441716187136, client=0:0:0:0:0:0:0:1, payload={"encodedTrack":"QAAA0AMAO\u002BODluODq\u002BODvOOCouODvOOCq\u002BOCpOODliBCbHVlIEFyY2hpdmUgT1NUIDExLiBDb25uZWN0ZWQgU2t5AANNTzIAAAAAAAHckAALRHpoY0p4clM1WjgAAQAraHR0cHM6Ly93d3cueW91dHViZS5jb20vd2F0Y2g/dj1EemhjSnhyUzVaOAEANGh0dHBzOi8vaS55dGltZy5jb20vdmkvRHpoY0p4clM1WjgvbWF4cmVzZGVmYXVsdC5qcGcAAAd5b3V0dWJlAAAAAAAAAAA="}
2024-04-18T17:05:48.840+07:00  INFO 27064 --- [XNIO-1 task-2] l.server.player.AudioLoaderRestHandler   : Got request to load for identifier "https://www.youtube.com/watch?v=toPWvdaC84w"
2024-04-18T17:05:48.938+07:00  INFO 27064 --- [XNIO-1 task-2] lavalink.server.player.AudioLoader       : Loaded track ???????? Blue Archive OST 113. Usagi Flap
2024-04-18T17:05:48.941+07:00  INFO 27064 --- [XNIO-1 task-2] l.server.io.RequestLoggingFilter         : GET /v4/loadtracks?identifier=https%3a%2f%2fwww.youtube.com%2fwatch%3fv%3dtoPWvdaC84w, client=0:0:0:0:0:0:0:1
2024-04-18T17:05:57.412+07:00  INFO 27064 --- [XNIO-1 task-2] l.server.io.RequestLoggingFilter         : PATCH /v4/sessions/jqts9ulexwh29mzx/players/686974441716187136, client=0:0:0:0:0:0:0:1, payload={"encodedTrack":"QAAAzgMAOeODluODq\u002BODvOOCouODvOOCq\u002BOCpOODliBCbHVlIEFyY2hpdmUgT1NUIDExMy4gVXNhZ2kgRmxhcAADTU8yAAAAAAAB8BgAC3RvUFd2ZGFDODR3AAEAK2h0dHBzOi8vd3d3LnlvdXR1YmUuY29tL3dhdGNoP3Y9dG9QV3ZkYUM4NHcBADRodHRwczovL2kueXRpbWcuY29tL3ZpL3RvUFd2ZGFDODR3L21heHJlc2RlZmF1bHQuanBnAAAHeW91dHViZQAAAAAAAAAA"}
2024-04-18T17:08:03.615+07:00  INFO 27064 --- [XNIO-1 task-2] l.server.io.RequestLoggingFilter         : DELETE /v4/sessions/jqts9ulexwh29mzx/players/686974441716187136, client=0:0:0:0:0:0:0:1
2024-04-18T17:09:25.725+07:00  INFO 27064 --- [XNIO-1 I/O-2] lavalink.server.io.SocketServer          : Connection closed from /[0:0:0:0:0:0:0:1]:57561 with status CloseStatus[code=1006, reason=] -- Session can be resumed within the next 60000 seconds with id jqts9ulexwh29mzx
2024-04-18T17:13:37.437+07:00  INFO 27064 --- [XNIO-1 task-2] l.server.io.HandshakeInterceptorImpl     : Incoming connection from /[0:0:0:0:0:0:0:1]:59782
2024-04-18T17:13:37.441+07:00  INFO 27064 --- [XNIO-1 task-2] l.server.io.RequestLoggingFilter         : GET /v4/websocket, client=0:0:0:0:0:0:0:1
2024-04-18T17:13:37.444+07:00  INFO 27064 --- [XNIO-1 task-2] lavalink.server.io.SocketServer          : Connection successfully established from Lavalink4NET/4.0.18.0
2024-04-18T17:13:37.832+07:00  INFO 27064 --- [XNIO-1 task-2] l.server.io.RequestLoggingFilter         : PATCH /v4/sessions/3mbh59xua2vedpw7, client=0:0:0:0:0:0:0:1, payload={"resuming":true,"timeout":60000}
2024-04-18T17:52:59.462+07:00  INFO 27064 --- [XNIO-1 I/O-3] lavalink.server.io.SocketServer          : Connection closed from /[0:0:0:0:0:0:0:1]:59782 with status CloseStatus[code=1006, reason=] -- Session can be resumed within the next 60000 seconds with id 3mbh59xua2vedpw7
